[0824/010657.570:ERROR:viz_main_impl.cc(162)] Exiting GPU process due to errors during initialization
[0824/010657.733:ERROR:viz_main_impl.cc(162)] Exiting GPU process due to errors during initialization
[0824/010657.868:ERROR:gpu_init.cc(441)] Passthrough is not supported, GL is disabled
[0824/012133.319:INFO:CONSOLE(67)] "CSS Hot Reload ignoring https://localhost:5001/lib/bootstrap/dist/css/bootstrap.min.css because it was inaccessible or had more than 5000 rules.", source: https://localhost:5001/_vs/browserLink (67)
[0824/012133.331:INFO:CONSOLE(67)] "Tools extension connected", source: https://localhost:5001/_vs/browserLink (67)
[0824/012133.341:INFO:CONSOLE(67)] "Initializing tools services...", source: https://localhost:5001/_vs/browserLink (67)
[0824/012133.342:INFO:CONSOLE(67)] "Initializing tools design surface service", source: https://localhost:5001/_vs/browserLink (67)
[0824/012133.342:INFO:CONSOLE(67)] "Initializing tools selection service", source: https://localhost:5001/_vs/browserLink (67)
[0824/012133.343:INFO:CONSOLE(67)] "Initializing tools tag navigation service", source: https://localhost:5001/_vs/browserLink (67)
[0824/012133.343:INFO:CONSOLE(67)] "Initializing tools hotkey manager service", source: https://localhost:5001/_vs/browserLink (67)
[0824/012133.343:INFO:CONSOLE(67)] "Host extension connected", source: https://localhost:5001/_vs/browserLink (67)
[0824/012133.344:INFO:CONSOLE(67)] "Initializing host services...", source: https://localhost:5001/_vs/browserLink (67)
[0824/012133.611:INFO:CONSOLE(67)] "CSS Hot Reload ignoring https://localhost:5001/lib/bootstrap/dist/css/bootstrap.min.css because it was inaccessible or had more than 5000 rules.", source: https://localhost:5001/_vs/browserLink (67)
[0824/012133.616:INFO:CONSOLE(67)] "Tools extension connected", source: https://localhost:5001/_vs/browserLink (67)
[0824/012133.616:INFO:CONSOLE(67)] "Initializing tools services...", source: https://localhost:5001/_vs/browserLink (67)
[0824/012133.616:INFO:CONSOLE(67)] "Initializing tools design surface service", source: https://localhost:5001/_vs/browserLink (67)
[0824/012133.617:INFO:CONSOLE(67)] "Initializing tools selection service", source: https://localhost:5001/_vs/browserLink (67)
[0824/012133.617:INFO:CONSOLE(67)] "Initializing tools tag navigation service", source: https://localhost:5001/_vs/browserLink (67)
[0824/012133.617:INFO:CONSOLE(67)] "Initializing tools hotkey manager service", source: https://localhost:5001/_vs/browserLink (67)
[0824/012133.617:INFO:CONSOLE(67)] "Host extension connected", source: https://localhost:5001/_vs/browserLink (67)
[0824/012133.617:INFO:CONSOLE(67)] "Initializing host services...", source: https://localhost:5001/_vs/browserLink (67)
[0824/012133.624:INFO:CONSOLE(67)] "CSS Hot Reload ignoring https://localhost:5001/lib/bootstrap/dist/css/bootstrap.min.css because it was inaccessible or had more than 5000 rules.", source: https://localhost:5001/_vs/browserLink (67)
[0824/012133.628:INFO:CONSOLE(67)] "Tools extension connected", source: https://localhost:5001/_vs/browserLink (67)
[0824/012133.628:INFO:CONSOLE(67)] "Initializing tools services...", source: https://localhost:5001/_vs/browserLink (67)
[0824/012133.628:INFO:CONSOLE(67)] "Initializing tools design surface service", source: https://localhost:5001/_vs/browserLink (67)
[0824/012133.629:INFO:CONSOLE(67)] "Initializing tools selection service", source: https://localhost:5001/_vs/browserLink (67)
[0824/012133.629:INFO:CONSOLE(67)] "Initializing tools tag navigation service", source: https://localhost:5001/_vs/browserLink (67)
[0824/012133.629:INFO:CONSOLE(67)] "Initializing tools hotkey manager service", source: https://localhost:5001/_vs/browserLink (67)
[0824/012133.629:INFO:CONSOLE(67)] "Host extension connected", source: https://localhost:5001/_vs/browserLink (67)
[0824/012133.629:INFO:CONSOLE(67)] "Initializing host services...", source: https://localhost:5001/_vs/browserLink (67)
[0824/012133.632:INFO:CONSOLE(67)] "CSS Hot Reload ignoring https://localhost:5001/lib/bootstrap/dist/css/bootstrap.min.css because it was inaccessible or had more than 5000 rules.", source: https://localhost:5001/_vs/browserLink (67)
[0824/012133.635:INFO:CONSOLE(67)] "Tools extension connected", source: https://localhost:5001/_vs/browserLink (67)
[0824/012133.635:INFO:CONSOLE(67)] "Initializing tools services...", source: https://localhost:5001/_vs/browserLink (67)
[0824/012133.635:INFO:CONSOLE(67)] "Initializing tools design surface service", source: https://localhost:5001/_vs/browserLink (67)
[0824/012133.636:INFO:CONSOLE(67)] "Initializing tools selection service", source: https://localhost:5001/_vs/browserLink (67)
[0824/012133.636:INFO:CONSOLE(67)] "Initializing tools tag navigation service", source: https://localhost:5001/_vs/browserLink (67)
[0824/012133.636:INFO:CONSOLE(67)] "Initializing tools hotkey manager service", source: https://localhost:5001/_vs/browserLink (67)
[0824/012133.636:INFO:CONSOLE(67)] "Host extension connected", source: https://localhost:5001/_vs/browserLink (67)
[0824/012133.636:INFO:CONSOLE(67)] "Initializing host services...", source: https://localhost:5001/_vs/browserLink (67)
[0824/012134.196:INFO:CONSOLE(61)] "dotnet-watch reload socket closed.", source: https://localhost:5001/_framework/aspnetcore-browser-refresh.js (61)
[0824/012134.210:INFO:CONSOLE(61)] "dotnet-watch reload socket closed.", source: https://localhost:5001/_framework/aspnetcore-browser-refresh.js (61)
[0824/012134.223:INFO:CONSOLE(61)] "dotnet-watch reload socket closed.", source: https://localhost:5001/_framework/aspnetcore-browser-refresh.js (61)
[0824/012136.486:INFO:CONSOLE(61)] "dotnet-watch reload socket closed.", source: https://localhost:5001/_framework/aspnetcore-browser-refresh.js (61)
[0824/012202.600:INFO:CONSOLE(38)] "Synchronous XMLHttpRequest on the main thread is deprecated because of its detrimental effects to the end user's experience. For more help, check https://xhr.spec.whatwg.org/.", source: https://localhost:5001/_vs/browserLink (38)
[0824/012202.790:INFO:CONSOLE(67)] "CSS Hot Reload ignoring https://localhost:5001/lib/bootstrap/dist/css/bootstrap.min.css because it was inaccessible or had more than 5000 rules.", source: https://localhost:5001/_vs/browserLink (67)
[0824/012202.792:INFO:CONSOLE(67)] "Tools extension connected", source: https://localhost:5001/_vs/browserLink (67)
[0824/012202.792:INFO:CONSOLE(67)] "Initializing tools services...", source: https://localhost:5001/_vs/browserLink (67)
[0824/012202.793:INFO:CONSOLE(67)] "Initializing tools design surface service", source: https://localhost:5001/_vs/browserLink (67)
[0824/012202.793:INFO:CONSOLE(67)] "Initializing tools selection service", source: https://localhost:5001/_vs/browserLink (67)
[0824/012202.793:INFO:CONSOLE(67)] "Initializing tools tag navigation service", source: https://localhost:5001/_vs/browserLink (67)
[0824/012202.793:INFO:CONSOLE(67)] "Initializing tools hotkey manager service", source: https://localhost:5001/_vs/browserLink (67)
[0824/012202.793:INFO:CONSOLE(67)] "Host extension connected", source: https://localhost:5001/_vs/browserLink (67)
[0824/012202.793:INFO:CONSOLE(67)] "Initializing host services...", source: https://localhost:5001/_vs/browserLink (67)
[0824/012203.412:INFO:CONSOLE(38)] "Synchronous XMLHttpRequest on the main thread is deprecated because of its detrimental effects to the end user's experience. For more help, check https://xhr.spec.whatwg.org/.", source: https://localhost:5001/_vs/browserLink (38)
[0824/012203.499:INFO:CONSOLE(67)] "CSS Hot Reload ignoring https://localhost:5001/lib/bootstrap/dist/css/bootstrap.min.css because it was inaccessible or had more than 5000 rules.", source: https://localhost:5001/_vs/browserLink (67)
[0824/012203.502:INFO:CONSOLE(67)] "Tools extension connected", source: https://localhost:5001/_vs/browserLink (67)
[0824/012203.502:INFO:CONSOLE(67)] "Initializing tools services...", source: https://localhost:5001/_vs/browserLink (67)
[0824/012203.502:INFO:CONSOLE(67)] "Initializing tools design surface service", source: https://localhost:5001/_vs/browserLink (67)
[0824/012203.504:INFO:CONSOLE(67)] "Initializing tools selection service", source: https://localhost:5001/_vs/browserLink (67)
[0824/012203.504:INFO:CONSOLE(67)] "Initializing tools tag navigation service", source: https://localhost:5001/_vs/browserLink (67)
[0824/012203.504:INFO:CONSOLE(67)] "Initializing tools hotkey manager service", source: https://localhost:5001/_vs/browserLink (67)
[0824/012203.504:INFO:CONSOLE(67)] "Host extension connected", source: https://localhost:5001/_vs/browserLink (67)
[0824/012203.504:INFO:CONSOLE(67)] "Initializing host services...", source: https://localhost:5001/_vs/browserLink (67)
[0824/012203.988:INFO:CONSOLE(37)] "File changes detected. Waiting for application to rebuild.", source: https://localhost:5001/_framework/aspnetcore-browser-refresh.js (37)
[0824/012206.399:INFO:CONSOLE(30)] "Server is ready. Reloading...", source: https://localhost:5001/_framework/aspnetcore-browser-refresh.js (30)
[0824/012206.803:INFO:CONSOLE(38)] "Synchronous XMLHttpRequest on the main thread is deprecated because of its detrimental effects to the end user's experience. For more help, check https://xhr.spec.whatwg.org/.", source: https://localhost:5001/_vs/browserLink (38)
[0824/012206.914:INFO:CONSOLE(67)] "CSS Hot Reload ignoring https://localhost:5001/lib/bootstrap/dist/css/bootstrap.min.css because it was inaccessible or had more than 5000 rules.", source: https://localhost:5001/_vs/browserLink (67)
[0824/012206.916:INFO:CONSOLE(67)] "Tools extension connected", source: https://localhost:5001/_vs/browserLink (67)
[0824/012206.916:INFO:CONSOLE(67)] "Initializing tools services...", source: https://localhost:5001/_vs/browserLink (67)
[0824/012206.916:INFO:CONSOLE(67)] "Initializing tools design surface service", source: https://localhost:5001/_vs/browserLink (67)
[0824/012206.916:INFO:CONSOLE(67)] "Initializing tools selection service", source: https://localhost:5001/_vs/browserLink (67)
[0824/012206.916:INFO:CONSOLE(67)] "Initializing tools tag navigation service", source: https://localhost:5001/_vs/browserLink (67)
[0824/012206.916:INFO:CONSOLE(67)] "Initializing tools hotkey manager service", source: https://localhost:5001/_vs/browserLink (67)
[0824/012206.916:INFO:CONSOLE(67)] "Host extension connected", source: https://localhost:5001/_vs/browserLink (67)
[0824/012206.916:INFO:CONSOLE(67)] "Initializing host services...", source: https://localhost:5001/_vs/browserLink (67)
[0824/012208.668:INFO:CONSOLE(38)] "Synchronous XMLHttpRequest on the main thread is deprecated because of its detrimental effects to the end user's experience. For more help, check https://xhr.spec.whatwg.org/.", source: https://localhost:5001/_vs/browserLink (38)
[0824/012209.164:INFO:CONSOLE(67)] "CSS Hot Reload ignoring https://localhost:5001/lib/bootstrap/dist/css/bootstrap.min.css because it was inaccessible or had more than 5000 rules.", source: https://localhost:5001/_vs/browserLink (67)
[0824/012209.167:INFO:CONSOLE(67)] "Tools extension connected", source: https://localhost:5001/_vs/browserLink (67)
[0824/012209.167:INFO:CONSOLE(67)] "Initializing tools services...", source: https://localhost:5001/_vs/browserLink (67)
[0824/012209.167:INFO:CONSOLE(67)] "Initializing tools design surface service", source: https://localhost:5001/_vs/browserLink (67)
[0824/012209.167:INFO:CONSOLE(67)] "Initializing tools selection service", source: https://localhost:5001/_vs/browserLink (67)
[0824/012209.167:INFO:CONSOLE(67)] "Initializing tools tag navigation service", source: https://localhost:5001/_vs/browserLink (67)
[0824/012209.167:INFO:CONSOLE(67)] "Initializing tools hotkey manager service", source: https://localhost:5001/_vs/browserLink (67)
[0824/012209.167:INFO:CONSOLE(67)] "Host extension connected", source: https://localhost:5001/_vs/browserLink (67)
[0824/012209.167:INFO:CONSOLE(67)] "Initializing host services...", source: https://localhost:5001/_vs/browserLink (67)
[0824/012209.756:INFO:CONSOLE(37)] "File changes detected. Waiting for application to rebuild.", source: https://localhost:5001/_framework/aspnetcore-browser-refresh.js (37)
[0824/012210.914:INFO:CONSOLE(30)] "Server is ready. Reloading...", source: https://localhost:5001/_framework/aspnetcore-browser-refresh.js (30)
[0824/012211.235:INFO:CONSOLE(38)] "Synchronous XMLHttpRequest on the main thread is deprecated because of its detrimental effects to the end user's experience. For more help, check https://xhr.spec.whatwg.org/.", source: https://localhost:5001/_vs/browserLink (38)
[0824/012211.347:INFO:CONSOLE(67)] "CSS Hot Reload ignoring https://localhost:5001/lib/bootstrap/dist/css/bootstrap.min.css because it was inaccessible or had more than 5000 rules.", source: https://localhost:5001/_vs/browserLink (67)
[0824/012211.351:INFO:CONSOLE(67)] "Tools extension connected", source: https://localhost:5001/_vs/browserLink (67)
[0824/012211.351:INFO:CONSOLE(67)] "Initializing tools services...", source: https://localhost:5001/_vs/browserLink (67)
[0824/012211.351:INFO:CONSOLE(67)] "Initializing tools design surface service", source: https://localhost:5001/_vs/browserLink (67)
[0824/012211.352:INFO:CONSOLE(67)] "Initializing tools selection service", source: https://localhost:5001/_vs/browserLink (67)
[0824/012211.352:INFO:CONSOLE(67)] "Initializing tools tag navigation service", source: https://localhost:5001/_vs/browserLink (67)
[0824/012211.352:INFO:CONSOLE(67)] "Initializing tools hotkey manager service", source: https://localhost:5001/_vs/browserLink (67)
[0824/012211.352:INFO:CONSOLE(67)] "Host extension connected", source: https://localhost:5001/_vs/browserLink (67)
[0824/012211.352:INFO:CONSOLE(67)] "Initializing host services...", source: https://localhost:5001/_vs/browserLink (67)
[0824/012214.173:INFO:CONSOLE(38)] "Synchronous XMLHttpRequest on the main thread is deprecated because of its detrimental effects to the end user's experience. For more help, check https://xhr.spec.whatwg.org/.", source: https://localhost:5001/_vs/browserLink (38)
[0824/012214.288:INFO:CONSOLE(67)] "CSS Hot Reload ignoring https://localhost:5001/lib/bootstrap/dist/css/bootstrap.min.css because it was inaccessible or had more than 5000 rules.", source: https://localhost:5001/_vs/browserLink (67)
[0824/012214.291:INFO:CONSOLE(67)] "Tools extension connected", source: https://localhost:5001/_vs/browserLink (67)
[0824/012214.291:INFO:CONSOLE(67)] "Initializing tools services...", source: https://localhost:5001/_vs/browserLink (67)
[0824/012214.291:INFO:CONSOLE(67)] "Initializing tools design surface service", source: https://localhost:5001/_vs/browserLink (67)
[0824/012214.291:INFO:CONSOLE(67)] "Initializing tools selection service", source: https://localhost:5001/_vs/browserLink (67)
[0824/012214.291:INFO:CONSOLE(67)] "Initializing tools tag navigation service", source: https://localhost:5001/_vs/browserLink (67)
[0824/012214.291:INFO:CONSOLE(67)] "Initializing tools hotkey manager service", source: https://localhost:5001/_vs/browserLink (67)
[0824/012214.291:INFO:CONSOLE(67)] "Host extension connected", source: https://localhost:5001/_vs/browserLink (67)
[0824/012214.291:INFO:CONSOLE(67)] "Initializing host services...", source: https://localhost:5001/_vs/browserLink (67)
[0824/012215.019:INFO:CONSOLE(38)] "Synchronous XMLHttpRequest on the main thread is deprecated because of its detrimental effects to the end user's experience. For more help, check https://xhr.spec.whatwg.org/.", source: https://localhost:5001/_vs/browserLink (38)
[0824/012215.117:INFO:CONSOLE(67)] "CSS Hot Reload ignoring https://localhost:5001/lib/bootstrap/dist/css/bootstrap.min.css because it was inaccessible or had more than 5000 rules.", source: https://localhost:5001/_vs/browserLink (67)
[0824/012215.119:INFO:CONSOLE(67)] "Tools extension connected", source: https://localhost:5001/_vs/browserLink (67)
[0824/012215.119:INFO:CONSOLE(67)] "Initializing tools services...", source: https://localhost:5001/_vs/browserLink (67)
[0824/012215.120:INFO:CONSOLE(67)] "Initializing tools design surface service", source: https://localhost:5001/_vs/browserLink (67)
[0824/012215.120:INFO:CONSOLE(67)] "Initializing tools selection service", source: https://localhost:5001/_vs/browserLink (67)
[0824/012215.120:INFO:CONSOLE(67)] "Initializing tools tag navigation service", source: https://localhost:5001/_vs/browserLink (67)
[0824/012215.120:INFO:CONSOLE(67)] "Initializing tools hotkey manager service", source: https://localhost:5001/_vs/browserLink (67)
[0824/012215.120:INFO:CONSOLE(67)] "Host extension connected", source: https://localhost:5001/_vs/browserLink (67)
[0824/012215.120:INFO:CONSOLE(67)] "Initializing host services...", source: https://localhost:5001/_vs/browserLink (67)
[0824/012222.991:INFO:CONSOLE(38)] "Synchronous XMLHttpRequest on the main thread is deprecated because of its detrimental effects to the end user's experience. For more help, check https://xhr.spec.whatwg.org/.", source: https://localhost:5001/_vs/browserLink (38)
[0824/012223.168:INFO:CONSOLE(67)] "CSS Hot Reload ignoring https://localhost:5001/lib/bootstrap/dist/css/bootstrap.min.css because it was inaccessible or had more than 5000 rules.", source: https://localhost:5001/_vs/browserLink (67)
[0824/012223.171:INFO:CONSOLE(67)] "Tools extension connected", source: https://localhost:5001/_vs/browserLink (67)
[0824/012223.171:INFO:CONSOLE(67)] "Initializing tools services...", source: https://localhost:5001/_vs/browserLink (67)
[0824/012223.171:INFO:CONSOLE(67)] "Initializing tools design surface service", source: https://localhost:5001/_vs/browserLink (67)
[0824/012223.172:INFO:CONSOLE(67)] "Initializing tools selection service", source: https://localhost:5001/_vs/browserLink (67)
[0824/012223.172:INFO:CONSOLE(67)] "Initializing tools tag navigation service", source: https://localhost:5001/_vs/browserLink (67)
[0824/012223.172:INFO:CONSOLE(67)] "Initializing tools hotkey manager service", source: https://localhost:5001/_vs/browserLink (67)
[0824/012223.172:INFO:CONSOLE(67)] "Host extension connected", source: https://localhost:5001/_vs/browserLink (67)
[0824/012223.172:INFO:CONSOLE(67)] "Initializing host services...", source: https://localhost:5001/_vs/browserLink (67)
[0824/012223.584:INFO:CONSOLE(38)] "Synchronous XMLHttpRequest on the main thread is deprecated because of its detrimental effects to the end user's experience. For more help, check https://xhr.spec.whatwg.org/.", source: https://localhost:5001/_vs/browserLink (38)
[0824/012223.698:INFO:CONSOLE(67)] "CSS Hot Reload ignoring https://localhost:5001/lib/bootstrap/dist/css/bootstrap.min.css because it was inaccessible or had more than 5000 rules.", source: https://localhost:5001/_vs/browserLink (67)
[0824/012223.700:INFO:CONSOLE(67)] "Tools extension connected", source: https://localhost:5001/_vs/browserLink (67)
[0824/012223.700:INFO:CONSOLE(67)] "Initializing tools services...", source: https://localhost:5001/_vs/browserLink (67)
[0824/012223.700:INFO:CONSOLE(67)] "Initializing tools design surface service", source: https://localhost:5001/_vs/browserLink (67)
[0824/012223.701:INFO:CONSOLE(67)] "Initializing tools selection service", source: https://localhost:5001/_vs/browserLink (67)
[0824/012223.701:INFO:CONSOLE(67)] "Initializing tools tag navigation service", source: https://localhost:5001/_vs/browserLink (67)
[0824/012223.701:INFO:CONSOLE(67)] "Initializing tools hotkey manager service", source: https://localhost:5001/_vs/browserLink (67)
[0824/012223.701:INFO:CONSOLE(67)] "Host extension connected", source: https://localhost:5001/_vs/browserLink (67)
[0824/012223.701:INFO:CONSOLE(67)] "Initializing host services...", source: https://localhost:5001/_vs/browserLink (67)
[0824/012225.103:INFO:CONSOLE(37)] "File changes detected. Waiting for application to rebuild.", source: https://localhost:5001/_framework/aspnetcore-browser-refresh.js (37)
[0824/012226.720:INFO:CONSOLE(30)] "Server is ready. Reloading...", source: https://localhost:5001/_framework/aspnetcore-browser-refresh.js (30)
[0824/012226.834:INFO:CONSOLE(38)] "Synchronous XMLHttpRequest on the main thread is deprecated because of its detrimental effects to the end user's experience. For more help, check https://xhr.spec.whatwg.org/.", source: https://localhost:5001/_vs/browserLink (38)
[0824/012226.998:INFO:CONSOLE(67)] "CSS Hot Reload ignoring https://localhost:5001/lib/bootstrap/dist/css/bootstrap.min.css because it was inaccessible or had more than 5000 rules.", source: https://localhost:5001/_vs/browserLink (67)
[0824/012227.000:INFO:CONSOLE(67)] "Tools extension connected", source: https://localhost:5001/_vs/browserLink (67)
[0824/012227.000:INFO:CONSOLE(67)] "Initializing tools services...", source: https://localhost:5001/_vs/browserLink (67)
[0824/012227.000:INFO:CONSOLE(67)] "Initializing tools design surface service", source: https://localhost:5001/_vs/browserLink (67)
[0824/012227.001:INFO:CONSOLE(67)] "Initializing tools selection service", source: https://localhost:5001/_vs/browserLink (67)
[0824/012227.001:INFO:CONSOLE(67)] "Initializing tools tag navigation service", source: https://localhost:5001/_vs/browserLink (67)
[0824/012227.001:INFO:CONSOLE(67)] "Initializing tools hotkey manager service", source: https://localhost:5001/_vs/browserLink (67)
[0824/012227.001:INFO:CONSOLE(67)] "Host extension connected", source: https://localhost:5001/_vs/browserLink (67)
[0824/012227.001:INFO:CONSOLE(67)] "Initializing host services...", source: https://localhost:5001/_vs/browserLink (67)
[0824/012229.417:INFO:CONSOLE(38)] "Synchronous XMLHttpRequest on the main thread is deprecated because of its detrimental effects to the end user's experience. For more help, check https://xhr.spec.whatwg.org/.", source: https://localhost:5001/_vs/browserLink (38)
[0824/012229.628:INFO:CONSOLE(67)] "CSS Hot Reload ignoring https://localhost:5001/lib/bootstrap/dist/css/bootstrap.min.css because it was inaccessible or had more than 5000 rules.", source: https://localhost:5001/_vs/browserLink (67)
[0824/012229.633:INFO:CONSOLE(67)] "Tools extension connected", source: https://localhost:5001/_vs/browserLink (67)
[0824/012229.633:INFO:CONSOLE(67)] "Initializing tools services...", source: https://localhost:5001/_vs/browserLink (67)
[0824/012229.633:INFO:CONSOLE(67)] "Initializing tools design surface service", source: https://localhost:5001/_vs/browserLink (67)
[0824/012229.633:INFO:CONSOLE(67)] "Initializing tools selection service", source: https://localhost:5001/_vs/browserLink (67)
[0824/012229.633:INFO:CONSOLE(67)] "Initializing tools tag navigation service", source: https://localhost:5001/_vs/browserLink (67)
[0824/012229.633:INFO:CONSOLE(67)] "Initializing tools hotkey manager service", source: https://localhost:5001/_vs/browserLink (67)
[0824/012229.634:INFO:CONSOLE(67)] "Host extension connected", source: https://localhost:5001/_vs/browserLink (67)
[0824/012229.634:INFO:CONSOLE(67)] "Initializing host services...", source: https://localhost:5001/_vs/browserLink (67)
[0824/012245.892:INFO:CONSOLE(67)] "CSS Hot Reload ignoring https://localhost:5001/lib/bootstrap/dist/css/bootstrap.min.css because it was inaccessible or had more than 5000 rules.", source: https://localhost:5001/_vs/browserLink (67)
[0824/012245.897:INFO:CONSOLE(67)] "Tools extension connected", source: https://localhost:5001/_vs/browserLink (67)
[0824/012245.897:INFO:CONSOLE(67)] "Initializing tools services...", source: https://localhost:5001/_vs/browserLink (67)
[0824/012245.898:INFO:CONSOLE(67)] "Initializing tools design surface service", source: https://localhost:5001/_vs/browserLink (67)
[0824/012245.898:INFO:CONSOLE(67)] "Initializing tools selection service", source: https://localhost:5001/_vs/browserLink (67)
[0824/012245.898:INFO:CONSOLE(67)] "Initializing tools tag navigation service", source: https://localhost:5001/_vs/browserLink (67)
[0824/012245.898:INFO:CONSOLE(67)] "Initializing tools hotkey manager service", source: https://localhost:5001/_vs/browserLink (67)
[0824/012245.899:INFO:CONSOLE(67)] "Host extension connected", source: https://localhost:5001/_vs/browserLink (67)
[0824/012245.899:INFO:CONSOLE(67)] "Initializing host services...", source: https://localhost:5001/_vs/browserLink (67)
[0824/012246.108:INFO:CONSOLE(61)] "dotnet-watch reload socket closed.", source: https://localhost:5001/_framework/aspnetcore-browser-refresh.js (61)
[0824/012253.775:INFO:CONSOLE(37)] "File changes detected. Waiting for application to rebuild.", source: https://localhost:5001/_framework/aspnetcore-browser-refresh.js (37)
[0824/012256.157:INFO:CONSOLE(30)] "Server is ready. Reloading...", source: https://localhost:5001/_framework/aspnetcore-browser-refresh.js (30)
[0824/012256.205:ERROR:ssl_client_socket_impl.cc(981)] handshake failed; returned -1, SSL error code 1, net_error -101
[0824/012258.967:INFO:CONSOLE(30)] "Server is ready. Reloading...", source: https://localhost:5001/_framework/aspnetcore-browser-refresh.js (30)
[0824/012258.989:INFO:CONSOLE(38)] "Synchronous XMLHttpRequest on the main thread is deprecated because of its detrimental effects to the end user's experience. For more help, check https://xhr.spec.whatwg.org/.", source: https://localhost:5001/_vs/browserLink (38)
[0824/012259.178:INFO:CONSOLE(67)] "CSS Hot Reload ignoring https://localhost:5001/lib/bootstrap/dist/css/bootstrap.min.css because it was inaccessible or had more than 5000 rules.", source: https://localhost:5001/_vs/browserLink (67)
[0824/012259.182:INFO:CONSOLE(67)] "Tools extension connected", source: https://localhost:5001/_vs/browserLink (67)
[0824/012259.183:INFO:CONSOLE(67)] "Initializing tools services...", source: https://localhost:5001/_vs/browserLink (67)
[0824/012259.183:INFO:CONSOLE(67)] "Initializing tools design surface service", source: https://localhost:5001/_vs/browserLink (67)
[0824/012259.183:INFO:CONSOLE(67)] "Initializing tools selection service", source: https://localhost:5001/_vs/browserLink (67)
[0824/012259.183:INFO:CONSOLE(67)] "Initializing tools tag navigation service", source: https://localhost:5001/_vs/browserLink (67)
[0824/012259.183:INFO:CONSOLE(67)] "Initializing tools hotkey manager service", source: https://localhost:5001/_vs/browserLink (67)
[0824/012259.183:INFO:CONSOLE(67)] "Host extension connected", source: https://localhost:5001/_vs/browserLink (67)
[0824/012259.183:INFO:CONSOLE(67)] "Initializing host services...", source: https://localhost:5001/_vs/browserLink (67)
[0824/012259.879:INFO:CONSOLE(37)] "File changes detected. Waiting for application to rebuild.", source: https://localhost:5001/_framework/aspnetcore-browser-refresh.js (37)
[0824/012302.823:INFO:CONSOLE(30)] "Server is ready. Reloading...", source: https://localhost:5001/_framework/aspnetcore-browser-refresh.js (30)
[0824/012303.346:INFO:CONSOLE(38)] "Synchronous XMLHttpRequest on the main thread is deprecated because of its detrimental effects to the end user's experience. For more help, check https://xhr.spec.whatwg.org/.", source: https://localhost:5001/_vs/browserLink (38)
[0824/012304.940:INFO:CONSOLE(37)] "File changes detected. Waiting for application to rebuild.", source: https://localhost:5001/_framework/aspnetcore-browser-refresh.js (37)
[0824/012305.358:INFO:CONSOLE(67)] "CSS Hot Reload ignoring https://localhost:5001/lib/bootstrap/dist/css/bootstrap.min.css because it was inaccessible or had more than 5000 rules.", source: https://localhost:5001/_vs/browserLink (67)
[0824/012305.362:INFO:CONSOLE(67)] "Tools extension connected", source: https://localhost:5001/_vs/browserLink (67)
[0824/012305.362:INFO:CONSOLE(67)] "Initializing tools services...", source: https://localhost:5001/_vs/browserLink (67)
[0824/012305.362:INFO:CONSOLE(67)] "Initializing tools design surface service", source: https://localhost:5001/_vs/browserLink (67)
[0824/012305.362:INFO:CONSOLE(67)] "Initializing tools selection service", source: https://localhost:5001/_vs/browserLink (67)
[0824/012305.362:INFO:CONSOLE(67)] "Initializing tools tag navigation service", source: https://localhost:5001/_vs/browserLink (67)
[0824/012305.362:INFO:CONSOLE(67)] "Initializing tools hotkey manager service", source: https://localhost:5001/_vs/browserLink (67)
[0824/012305.362:INFO:CONSOLE(67)] "Host extension connected", source: https://localhost:5001/_vs/browserLink (67)
[0824/012305.362:INFO:CONSOLE(67)] "Initializing host services...", source: https://localhost:5001/_vs/browserLink (67)
[0824/012307.298:INFO:CONSOLE(30)] "Server is ready. Reloading...", source: https://localhost:5001/_framework/aspnetcore-browser-refresh.js (30)
[0824/012307.719:INFO:CONSOLE(38)] "Synchronous XMLHttpRequest on the main thread is deprecated because of its detrimental effects to the end user's experience. For more help, check https://xhr.spec.whatwg.org/.", source: https://localhost:5001/_vs/browserLink (38)
[0824/012307.877:INFO:CONSOLE(67)] "CSS Hot Reload ignoring https://localhost:5001/lib/bootstrap/dist/css/bootstrap.min.css because it was inaccessible or had more than 5000 rules.", source: https://localhost:5001/_vs/browserLink (67)
[0824/012307.880:INFO:CONSOLE(67)] "Tools extension connected", source: https://localhost:5001/_vs/browserLink (67)
[0824/012307.880:INFO:CONSOLE(67)] "Initializing tools services...", source: https://localhost:5001/_vs/browserLink (67)
[0824/012307.881:INFO:CONSOLE(67)] "Initializing tools design surface service", source: https://localhost:5001/_vs/browserLink (67)
[0824/012307.881:INFO:CONSOLE(67)] "Initializing tools selection service", source: https://localhost:5001/_vs/browserLink (67)
[0824/012307.881:INFO:CONSOLE(67)] "Initializing tools tag navigation service", source: https://localhost:5001/_vs/browserLink (67)
[0824/012307.881:INFO:CONSOLE(67)] "Initializing tools hotkey manager service", source: https://localhost:5001/_vs/browserLink (67)
[0824/012307.881:INFO:CONSOLE(67)] "Host extension connected", source: https://localhost:5001/_vs/browserLink (67)
[0824/012307.881:INFO:CONSOLE(67)] "Initializing host services...", source: https://localhost:5001/_vs/browserLink (67)
[0824/012324.123:INFO:CONSOLE(38)] "Synchronous XMLHttpRequest on the main thread is deprecated because of its detrimental effects to the end user's experience. For more help, check https://xhr.spec.whatwg.org/.", source: https://localhost:5001/_vs/browserLink (38)
[0824/012324.389:INFO:CONSOLE(67)] "CSS Hot Reload ignoring https://localhost:5001/lib/bootstrap/dist/css/bootstrap.min.css because it was inaccessible or had more than 5000 rules.", source: https://localhost:5001/_vs/browserLink (67)
[0824/012324.395:INFO:CONSOLE(67)] "Tools extension connected", source: https://localhost:5001/_vs/browserLink (67)
[0824/012324.396:INFO:CONSOLE(67)] "Initializing tools services...", source: https://localhost:5001/_vs/browserLink (67)
[0824/012324.396:INFO:CONSOLE(67)] "Initializing tools design surface service", source: https://localhost:5001/_vs/browserLink (67)
[0824/012324.396:INFO:CONSOLE(67)] "Initializing tools selection service", source: https://localhost:5001/_vs/browserLink (67)
[0824/012324.396:INFO:CONSOLE(67)] "Initializing tools tag navigation service", source: https://localhost:5001/_vs/browserLink (67)
[0824/012324.396:INFO:CONSOLE(67)] "Initializing tools hotkey manager service", source: https://localhost:5001/_vs/browserLink (67)
[0824/012324.396:INFO:CONSOLE(67)] "Host extension connected", source: https://localhost:5001/_vs/browserLink (67)
[0824/012324.397:INFO:CONSOLE(67)] "Initializing host services...", source: https://localhost:5001/_vs/browserLink (67)
[0824/012324.670:INFO:CONSOLE(61)] "dotnet-watch reload socket closed.", source: https://localhost:5001/_framework/aspnetcore-browser-refresh.js (61)
[0824/012328.473:INFO:CONSOLE(37)] "File changes detected. Waiting for application to rebuild.", source: https://localhost:5001/_framework/aspnetcore-browser-refresh.js (37)
[0824/012331.473:INFO:CONSOLE(30)] "Server is ready. Reloading...", source: https://localhost:5001/_framework/aspnetcore-browser-refresh.js (30)
[0824/012331.636:INFO:CONSOLE(38)] "Synchronous XMLHttpRequest on the main thread is deprecated because of its detrimental effects to the end user's experience. For more help, check https://xhr.spec.whatwg.org/.", source: https://localhost:5001/_vs/browserLink (38)
[0824/012331.903:INFO:CONSOLE(67)] "CSS Hot Reload ignoring https://localhost:5001/lib/bootstrap/dist/css/bootstrap.min.css because it was inaccessible or had more than 5000 rules.", source: https://localhost:5001/_vs/browserLink (67)
[0824/012331.907:INFO:CONSOLE(67)] "Tools extension connected", source: https://localhost:5001/_vs/browserLink (67)
[0824/012331.908:INFO:CONSOLE(67)] "Initializing tools services...", source: https://localhost:5001/_vs/browserLink (67)
[0824/012331.908:INFO:CONSOLE(67)] "Initializing tools design surface service", source: https://localhost:5001/_vs/browserLink (67)
[0824/012331.908:INFO:CONSOLE(67)] "Initializing tools selection service", source: https://localhost:5001/_vs/browserLink (67)
[0824/012331.908:INFO:CONSOLE(67)] "Initializing tools tag navigation service", source: https://localhost:5001/_vs/browserLink (67)
[0824/012331.908:INFO:CONSOLE(67)] "Initializing tools hotkey manager service", source: https://localhost:5001/_vs/browserLink (67)
[0824/012331.908:INFO:CONSOLE(67)] "Host extension connected", source: https://localhost:5001/_vs/browserLink (67)
[0824/012331.908:INFO:CONSOLE(67)] "Initializing host services...", source: https://localhost:5001/_vs/browserLink (67)
[0824/012334.156:INFO:CONSOLE(37)] "File changes detected. Waiting for application to rebuild.", source: https://localhost:5001/_framework/aspnetcore-browser-refresh.js (37)
[0824/012335.312:INFO:CONSOLE(30)] "Server is ready. Reloading...", source: https://localhost:5001/_framework/aspnetcore-browser-refresh.js (30)
[0824/012335.736:INFO:CONSOLE(38)] "Synchronous XMLHttpRequest on the main thread is deprecated because of its detrimental effects to the end user's experience. For more help, check https://xhr.spec.whatwg.org/.", source: https://localhost:5001/_vs/browserLink (38)
[0824/012335.961:INFO:CONSOLE(67)] "CSS Hot Reload ignoring https://localhost:5001/lib/bootstrap/dist/css/bootstrap.min.css because it was inaccessible or had more than 5000 rules.", source: https://localhost:5001/_vs/browserLink (67)
[0824/012335.964:INFO:CONSOLE(67)] "Tools extension connected", source: https://localhost:5001/_vs/browserLink (67)
[0824/012335.964:INFO:CONSOLE(67)] "Initializing tools services...", source: https://localhost:5001/_vs/browserLink (67)
[0824/012335.964:INFO:CONSOLE(67)] "Initializing tools design surface service", source: https://localhost:5001/_vs/browserLink (67)
[0824/012335.964:INFO:CONSOLE(67)] "Initializing tools selection service", source: https://localhost:5001/_vs/browserLink (67)
[0824/012335.964:INFO:CONSOLE(67)] "Initializing tools tag navigation service", source: https://localhost:5001/_vs/browserLink (67)
[0824/012335.964:INFO:CONSOLE(67)] "Initializing tools hotkey manager service", source: https://localhost:5001/_vs/browserLink (67)
[0824/012335.964:INFO:CONSOLE(67)] "Host extension connected", source: https://localhost:5001/_vs/browserLink (67)
[0824/012335.964:INFO:CONSOLE(67)] "Initializing host services...", source: https://localhost:5001/_vs/browserLink (67)
[0824/012336.037:INFO:CONSOLE(38)] "Synchronous XMLHttpRequest on the main thread is deprecated because of its detrimental effects to the end user's experience. For more help, check https://xhr.spec.whatwg.org/.", source: https://localhost:5001/_vs/browserLink (38)
[0824/012336.144:INFO:CONSOLE(67)] "CSS Hot Reload ignoring https://localhost:5001/lib/bootstrap/dist/css/bootstrap.min.css because it was inaccessible or had more than 5000 rules.", source: https://localhost:5001/_vs/browserLink (67)
[0824/012336.146:INFO:CONSOLE(67)] "Tools extension connected", source: https://localhost:5001/_vs/browserLink (67)
[0824/012336.146:INFO:CONSOLE(67)] "Initializing tools services...", source: https://localhost:5001/_vs/browserLink (67)
[0824/012336.146:INFO:CONSOLE(67)] "Initializing tools design surface service", source: https://localhost:5001/_vs/browserLink (67)
[0824/012336.147:INFO:CONSOLE(67)] "Initializing tools selection service", source: https://localhost:5001/_vs/browserLink (67)
[0824/012336.147:INFO:CONSOLE(67)] "Initializing tools tag navigation service", source: https://localhost:5001/_vs/browserLink (67)
[0824/012336.147:INFO:CONSOLE(67)] "Initializing tools hotkey manager service", source: https://localhost:5001/_vs/browserLink (67)
[0824/012336.147:INFO:CONSOLE(67)] "Host extension connected", source: https://localhost:5001/_vs/browserLink (67)
[0824/012336.147:INFO:CONSOLE(67)] "Initializing host services...", source: https://localhost:5001/_vs/browserLink (67)
[0824/012343.992:INFO:CONSOLE(55)] "Unknown payload: { "type" : "Ping" }", source: https://localhost:5001/_framework/aspnetcore-browser-refresh.js (55)
[0824/012343.992:INFO:CONSOLE(30)] "Server is ready. Reloading...", source: https://localhost:5001/_framework/aspnetcore-browser-refresh.js (30)
[0824/012344.004:INFO:CONSOLE(38)] "Synchronous XMLHttpRequest on the main thread is deprecated because of its detrimental effects to the end user's experience. For more help, check https://xhr.spec.whatwg.org/.", source: https://localhost:5001/_vs/browserLink (38)
[0824/012344.526:INFO:CONSOLE(67)] "CSS Hot Reload ignoring https://localhost:5001/lib/bootstrap/dist/css/bootstrap.min.css because it was inaccessible or had more than 5000 rules.", source: https://localhost:5001/_vs/browserLink (67)
[0824/012344.528:INFO:CONSOLE(67)] "Tools extension connected", source: https://localhost:5001/_vs/browserLink (67)
[0824/012344.529:INFO:CONSOLE(67)] "Initializing tools services...", source: https://localhost:5001/_vs/browserLink (67)
[0824/012344.529:INFO:CONSOLE(67)] "Initializing tools design surface service", source: https://localhost:5001/_vs/browserLink (67)
[0824/012344.529:INFO:CONSOLE(67)] "Initializing tools selection service", source: https://localhost:5001/_vs/browserLink (67)
[0824/012344.529:INFO:CONSOLE(67)] "Initializing tools tag navigation service", source: https://localhost:5001/_vs/browserLink (67)
[0824/012344.529:INFO:CONSOLE(67)] "Initializing tools hotkey manager service", source: https://localhost:5001/_vs/browserLink (67)
[0824/012344.529:INFO:CONSOLE(67)] "Host extension connected", source: https://localhost:5001/_vs/browserLink (67)
[0824/012344.529:INFO:CONSOLE(67)] "Initializing host services...", source: https://localhost:5001/_vs/browserLink (67)
[0824/012402.215:INFO:CONSOLE(38)] "Synchronous XMLHttpRequest on the main thread is deprecated because of its detrimental effects to the end user's experience. For more help, check https://xhr.spec.whatwg.org/.", source: https://localhost:5001/_vs/browserLink (38)
[0824/012402.877:INFO:CONSOLE(67)] "CSS Hot Reload ignoring https://localhost:5001/lib/bootstrap/dist/css/bootstrap.min.css because it was inaccessible or had more than 5000 rules.", source: https://localhost:5001/_vs/browserLink (67)
[0824/012402.881:INFO:CONSOLE(67)] "Tools extension connected", source: https://localhost:5001/_vs/browserLink (67)
[0824/012402.881:INFO:CONSOLE(67)] "Initializing tools services...", source: https://localhost:5001/_vs/browserLink (67)
[0824/012402.881:INFO:CONSOLE(67)] "Initializing tools design surface service", source: https://localhost:5001/_vs/browserLink (67)
[0824/012402.881:INFO:CONSOLE(67)] "Initializing tools selection service", source: https://localhost:5001/_vs/browserLink (67)
[0824/012402.881:INFO:CONSOLE(67)] "Initializing tools tag navigation service", source: https://localhost:5001/_vs/browserLink (67)
[0824/012402.881:INFO:CONSOLE(67)] "Initializing tools hotkey manager service", source: https://localhost:5001/_vs/browserLink (67)
[0824/012402.881:INFO:CONSOLE(67)] "Host extension connected", source: https://localhost:5001/_vs/browserLink (67)
[0824/012402.881:INFO:CONSOLE(67)] "Initializing host services...", source: https://localhost:5001/_vs/browserLink (67)
[0824/012405.626:INFO:CONSOLE(30)] "Server is ready. Reloading...", source: https://localhost:5001/_framework/aspnetcore-browser-refresh.js (30)
[0824/012406.009:INFO:CONSOLE(38)] "Synchronous XMLHttpRequest on the main thread is deprecated because of its detrimental effects to the end user's experience. For more help, check https://xhr.spec.whatwg.org/.", source: https://localhost:5001/_vs/browserLink (38)
[0824/012406.370:INFO:CONSOLE(67)] "CSS Hot Reload ignoring https://localhost:5001/lib/bootstrap/dist/css/bootstrap.min.css because it was inaccessible or had more than 5000 rules.", source: https://localhost:5001/_vs/browserLink (67)
[0824/012406.374:INFO:CONSOLE(67)] "Tools extension connected", source: https://localhost:5001/_vs/browserLink (67)
[0824/012406.374:INFO:CONSOLE(67)] "Initializing tools services...", source: https://localhost:5001/_vs/browserLink (67)
[0824/012406.374:INFO:CONSOLE(67)] "Initializing tools design surface service", source: https://localhost:5001/_vs/browserLink (67)
[0824/012406.375:INFO:CONSOLE(67)] "Initializing tools selection service", source: https://localhost:5001/_vs/browserLink (67)
[0824/012406.375:INFO:CONSOLE(67)] "Initializing tools tag navigation service", source: https://localhost:5001/_vs/browserLink (67)
[0824/012406.375:INFO:CONSOLE(67)] "Initializing tools hotkey manager service", source: https://localhost:5001/_vs/browserLink (67)
[0824/012406.375:INFO:CONSOLE(67)] "Host extension connected", source: https://localhost:5001/_vs/browserLink (67)
[0824/012406.375:INFO:CONSOLE(67)] "Initializing host services...", source: https://localhost:5001/_vs/browserLink (67)
[0824/012409.068:INFO:CONSOLE(38)] "Synchronous XMLHttpRequest on the main thread is deprecated because of its detrimental effects to the end user's experience. For more help, check https://xhr.spec.whatwg.org/.", source: https://localhost:5001/_vs/browserLink (38)
[0824/012410.425:INFO:CONSOLE(67)] "CSS Hot Reload ignoring https://localhost:5001/lib/bootstrap/dist/css/bootstrap.min.css because it was inaccessible or had more than 5000 rules.", source: https://localhost:5001/_vs/browserLink (67)
[0824/012410.436:INFO:CONSOLE(67)] "Tools extension connected", source: https://localhost:5001/_vs/browserLink (67)
[0824/012410.436:INFO:CONSOLE(67)] "Initializing tools services...", source: https://localhost:5001/_vs/browserLink (67)
[0824/012410.436:INFO:CONSOLE(67)] "Initializing tools design surface service", source: https://localhost:5001/_vs/browserLink (67)
[0824/012410.436:INFO:CONSOLE(67)] "Initializing tools selection service", source: https://localhost:5001/_vs/browserLink (67)
[0824/012410.436:INFO:CONSOLE(67)] "Initializing tools tag navigation service", source: https://localhost:5001/_vs/browserLink (67)
[0824/012410.437:INFO:CONSOLE(67)] "Initializing tools hotkey manager service", source: https://localhost:5001/_vs/browserLink (67)
[0824/012410.437:INFO:CONSOLE(67)] "Host extension connected", source: https://localhost:5001/_vs/browserLink (67)
[0824/012410.437:INFO:CONSOLE(67)] "Initializing host services...", source: https://localhost:5001/_vs/browserLink (67)
[0824/012411.934:INFO:CONSOLE(55)] "Unknown payload: { "type" : "Ping" }", source: https://localhost:5001/_framework/aspnetcore-browser-refresh.js (55)
[0824/012411.934:INFO:CONSOLE(30)] "Server is ready. Reloading...", source: https://localhost:5001/_framework/aspnetcore-browser-refresh.js (30)
[0824/012412.276:INFO:CONSOLE(30)] "Server is ready. Reloading...", source: https://localhost:5001/_framework/aspnetcore-browser-refresh.js (30)
[0824/012412.309:INFO:CONSOLE(38)] "Synchronous XMLHttpRequest on the main thread is deprecated because of its detrimental effects to the end user's experience. For more help, check https://xhr.spec.whatwg.org/.", source: https://localhost:5001/_vs/browserLink (38)
[0824/012412.499:INFO:CONSOLE(67)] "CSS Hot Reload ignoring https://localhost:5001/lib/bootstrap/dist/css/bootstrap.min.css because it was inaccessible or had more than 5000 rules.", source: https://localhost:5001/_vs/browserLink (67)
[0824/012412.505:INFO:CONSOLE(67)] "Tools extension connected", source: https://localhost:5001/_vs/browserLink (67)
[0824/012412.505:INFO:CONSOLE(67)] "Initializing tools services...", source: https://localhost:5001/_vs/browserLink (67)
[0824/012412.506:INFO:CONSOLE(67)] "Initializing tools design surface service", source: https://localhost:5001/_vs/browserLink (67)
[0824/012412.506:INFO:CONSOLE(67)] "Initializing tools selection service", source: https://localhost:5001/_vs/browserLink (67)
[0824/012412.506:INFO:CONSOLE(67)] "Initializing tools tag navigation service", source: https://localhost:5001/_vs/browserLink (67)
[0824/012412.506:INFO:CONSOLE(67)] "Initializing tools hotkey manager service", source: https://localhost:5001/_vs/browserLink (67)
[0824/012412.507:INFO:CONSOLE(67)] "Host extension connected", source: https://localhost:5001/_vs/browserLink (67)
[0824/012412.507:INFO:CONSOLE(67)] "Initializing host services...", source: https://localhost:5001/_vs/browserLink (67)
[0824/012418.736:INFO:CONSOLE(38)] "Synchronous XMLHttpRequest on the main thread is deprecated because of its detrimental effects to the end user's experience. For more help, check https://xhr.spec.whatwg.org/.", source: https://localhost:5001/_vs/browserLink (38)
[0824/012418.825:INFO:CONSOLE(67)] "CSS Hot Reload ignoring https://localhost:5001/lib/bootstrap/dist/css/bootstrap.min.css because it was inaccessible or had more than 5000 rules.", source: https://localhost:5001/_vs/browserLink (67)
[0824/012418.829:INFO:CONSOLE(67)] "Tools extension connected", source: https://localhost:5001/_vs/browserLink (67)
[0824/012418.829:INFO:CONSOLE(67)] "Initializing tools services...", source: https://localhost:5001/_vs/browserLink (67)
[0824/012418.829:INFO:CONSOLE(67)] "Initializing tools design surface service", source: https://localhost:5001/_vs/browserLink (67)
[0824/012418.830:INFO:CONSOLE(67)] "Initializing tools selection service", source: https://localhost:5001/_vs/browserLink (67)
[0824/012418.830:INFO:CONSOLE(67)] "Initializing tools tag navigation service", source: https://localhost:5001/_vs/browserLink (67)
[0824/012418.830:INFO:CONSOLE(67)] "Initializing tools hotkey manager service", source: https://localhost:5001/_vs/browserLink (67)
[0824/012418.830:INFO:CONSOLE(67)] "Host extension connected", source: https://localhost:5001/_vs/browserLink (67)
[0824/012418.830:INFO:CONSOLE(67)] "Initializing host services...", source: https://localhost:5001/_vs/browserLink (67)
[0824/012421.731:INFO:CONSOLE(38)] "Synchronous XMLHttpRequest on the main thread is deprecated because of its detrimental effects to the end user's experience. For more help, check https://xhr.spec.whatwg.org/.", source: https://localhost:5001/_vs/browserLink (38)
[0824/012421.740:INFO:CONSOLE(38)] "Synchronous XMLHttpRequest on the main thread is deprecated because of its detrimental effects to the end user's experience. For more help, check https://xhr.spec.whatwg.org/.", source: https://localhost:5001/_vs/browserLink (38)
[0824/012421.740:INFO:CONSOLE(38)] "Synchronous XMLHttpRequest on the main thread is deprecated because of its detrimental effects to the end user's experience. For more help, check https://xhr.spec.whatwg.org/.", source: https://localhost:5001/_vs/browserLink (38)
[0824/012421.745:INFO:CONSOLE(38)] "Synchronous XMLHttpRequest on the main thread is deprecated because of its detrimental effects to the end user's experience. For more help, check https://xhr.spec.whatwg.org/.", source: https://localhost:5001/_vs/browserLink (38)
[0824/012421.751:INFO:CONSOLE(38)] "Synchronous XMLHttpRequest on the main thread is deprecated because of its detrimental effects to the end user's experience. For more help, check https://xhr.spec.whatwg.org/.", source: https://localhost:5001/_vs/browserLink (38)
[0824/012504.742:INFO:CONSOLE(67)] "CSS Hot Reload ignoring https://localhost:5001/lib/bootstrap/dist/css/bootstrap.min.css because it was inaccessible or had more than 5000 rules.", source: https://localhost:5001/_vs/browserLink (67)
[0824/012504.747:INFO:CONSOLE(67)] "Tools extension connected", source: https://localhost:5001/_vs/browserLink (67)
[0824/012504.747:INFO:CONSOLE(67)] "Initializing tools services...", source: https://localhost:5001/_vs/browserLink (67)
[0824/012504.748:INFO:CONSOLE(67)] "Initializing tools design surface service", source: https://localhost:5001/_vs/browserLink (67)
[0824/012504.749:INFO:CONSOLE(67)] "Initializing tools selection service", source: https://localhost:5001/_vs/browserLink (67)
[0824/012504.750:INFO:CONSOLE(67)] "Initializing tools tag navigation service", source: https://localhost:5001/_vs/browserLink (67)
[0824/012504.750:INFO:CONSOLE(67)] "Initializing tools hotkey manager service", source: https://localhost:5001/_vs/browserLink (67)
[0824/012504.750:INFO:CONSOLE(67)] "Host extension connected", source: https://localhost:5001/_vs/browserLink (67)
[0824/012504.750:INFO:CONSOLE(67)] "Initializing host services...", source: https://localhost:5001/_vs/browserLink (67)
[0824/012505.182:INFO:CONSOLE(61)] "dotnet-watch reload socket closed.", source: https://localhost:5001/_framework/aspnetcore-browser-refresh.js (61)
[0824/012505.459:INFO:CONSOLE(38)] "Synchronous XMLHttpRequest on the main thread is deprecated because of its detrimental effects to the end user's experience. For more help, check https://xhr.spec.whatwg.org/.", source: https://localhost:5001/_vs/browserLink (38)
[0824/012505.614:INFO:CONSOLE(67)] "CSS Hot Reload ignoring https://localhost:5001/lib/bootstrap/dist/css/bootstrap.min.css because it was inaccessible or had more than 5000 rules.", source: https://localhost:5001/_vs/browserLink (67)
[0824/012505.617:INFO:CONSOLE(67)] "Tools extension connected", source: https://localhost:5001/_vs/browserLink (67)
[0824/012505.617:INFO:CONSOLE(67)] "Initializing tools services...", source: https://localhost:5001/_vs/browserLink (67)
[0824/012505.617:INFO:CONSOLE(67)] "Initializing tools design surface service", source: https://localhost:5001/_vs/browserLink (67)
[0824/012505.617:INFO:CONSOLE(67)] "Initializing tools selection service", source: https://localhost:5001/_vs/browserLink (67)
[0824/012505.617:INFO:CONSOLE(67)] "Initializing tools tag navigation service", source: https://localhost:5001/_vs/browserLink (67)
[0824/012505.617:INFO:CONSOLE(67)] "Initializing tools hotkey manager service", source: https://localhost:5001/_vs/browserLink (67)
[0824/012505.617:INFO:CONSOLE(67)] "Host extension connected", source: https://localhost:5001/_vs/browserLink (67)
[0824/012505.618:INFO:CONSOLE(67)] "Initializing host services...", source: https://localhost:5001/_vs/browserLink (67)
[0824/012507.702:INFO:CONSOLE(38)] "Synchronous XMLHttpRequest on the main thread is deprecated because of its detrimental effects to the end user's experience. For more help, check https://xhr.spec.whatwg.org/.", source: https://localhost:5001/_vs/browserLink (38)
[0824/012507.811:INFO:CONSOLE(67)] "CSS Hot Reload ignoring https://localhost:5001/lib/bootstrap/dist/css/bootstrap.min.css because it was inaccessible or had more than 5000 rules.", source: https://localhost:5001/_vs/browserLink (67)
[0824/012507.813:INFO:CONSOLE(67)] "Tools extension connected", source: https://localhost:5001/_vs/browserLink (67)
[0824/012507.813:INFO:CONSOLE(67)] "Initializing tools services...", source: https://localhost:5001/_vs/browserLink (67)
[0824/012507.814:INFO:CONSOLE(67)] "Initializing tools design surface service", source: https://localhost:5001/_vs/browserLink (67)
[0824/012507.814:INFO:CONSOLE(67)] "Initializing tools selection service", source: https://localhost:5001/_vs/browserLink (67)
[0824/012507.814:INFO:CONSOLE(67)] "Initializing tools tag navigation service", source: https://localhost:5001/_vs/browserLink (67)
[0824/012507.814:INFO:CONSOLE(67)] "Initializing tools hotkey manager service", source: https://localhost:5001/_vs/browserLink (67)
[0824/012507.814:INFO:CONSOLE(67)] "Host extension connected", source: https://localhost:5001/_vs/browserLink (67)
[0824/012507.814:INFO:CONSOLE(67)] "Initializing host services...", source: https://localhost:5001/_vs/browserLink (67)
[0824/012511.447:INFO:CONSOLE(67)] "CSS Hot Reload ignoring https://localhost:5001/lib/bootstrap/dist/css/bootstrap.min.css because it was inaccessible or had more than 5000 rules.", source: https://localhost:5001/_vs/browserLink (67)
[0824/012511.451:INFO:CONSOLE(67)] "Tools extension connected", source: https://localhost:5001/_vs/browserLink (67)
[0824/012511.451:INFO:CONSOLE(67)] "Initializing tools services...", source: https://localhost:5001/_vs/browserLink (67)
[0824/012511.451:INFO:CONSOLE(67)] "Initializing tools design surface service", source: https://localhost:5001/_vs/browserLink (67)
[0824/012511.452:INFO:CONSOLE(67)] "Initializing tools selection service", source: https://localhost:5001/_vs/browserLink (67)
[0824/012511.452:INFO:CONSOLE(67)] "Initializing tools tag navigation service", source: https://localhost:5001/_vs/browserLink (67)
[0824/012511.452:INFO:CONSOLE(67)] "Initializing tools hotkey manager service", source: https://localhost:5001/_vs/browserLink (67)
[0824/012511.452:INFO:CONSOLE(67)] "Host extension connected", source: https://localhost:5001/_vs/browserLink (67)
[0824/012511.452:INFO:CONSOLE(67)] "Initializing host services...", source: https://localhost:5001/_vs/browserLink (67)
[0824/012511.825:INFO:CONSOLE(61)] "dotnet-watch reload socket closed.", source: https://localhost:5001/_framework/aspnetcore-browser-refresh.js (61)
[0824/012513.578:INFO:CONSOLE(37)] "File changes detected. Waiting for application to rebuild.", source: https://localhost:5001/_framework/aspnetcore-browser-refresh.js (37)
[0824/012515.843:INFO:CONSOLE(30)] "Server is ready. Reloading...", source: https://localhost:5001/_framework/aspnetcore-browser-refresh.js (30)
[0824/012516.221:INFO:CONSOLE(38)] "Synchronous XMLHttpRequest on the main thread is deprecated because of its detrimental effects to the end user's experience. For more help, check https://xhr.spec.whatwg.org/.", source: https://localhost:5001/_vs/browserLink (38)
[0824/012516.355:INFO:CONSOLE(67)] "CSS Hot Reload ignoring https://localhost:5001/lib/bootstrap/dist/css/bootstrap.min.css because it was inaccessible or had more than 5000 rules.", source: https://localhost:5001/_vs/browserLink (67)
[0824/012516.357:INFO:CONSOLE(67)] "Tools extension connected", source: https://localhost:5001/_vs/browserLink (67)
[0824/012516.357:INFO:CONSOLE(67)] "Initializing tools services...", source: https://localhost:5001/_vs/browserLink (67)
[0824/012516.357:INFO:CONSOLE(67)] "Initializing tools design surface service", source: https://localhost:5001/_vs/browserLink (67)
[0824/012516.358:INFO:CONSOLE(67)] "Initializing tools selection service", source: https://localhost:5001/_vs/browserLink (67)
[0824/012516.358:INFO:CONSOLE(67)] "Initializing tools tag navigation service", source: https://localhost:5001/_vs/browserLink (67)
[0824/012516.358:INFO:CONSOLE(67)] "Initializing tools hotkey manager service", source: https://localhost:5001/_vs/browserLink (67)
[0824/012516.358:INFO:CONSOLE(67)] "Host extension connected", source: https://localhost:5001/_vs/browserLink (67)
[0824/012516.358:INFO:CONSOLE(67)] "Initializing host services...", source: https://localhost:5001/_vs/browserLink (67)
[0824/012524.326:INFO:CONSOLE(38)] "Synchronous XMLHttpRequest on the main thread is deprecated because of its detrimental effects to the end user's experience. For more help, check https://xhr.spec.whatwg.org/.", source: https://localhost:5001/_vs/browserLink (38)
[0824/012524.634:INFO:CONSOLE(67)] "CSS Hot Reload ignoring https://localhost:5001/lib/bootstrap/dist/css/bootstrap.min.css because it was inaccessible or had more than 5000 rules.", source: https://localhost:5001/_vs/browserLink (67)
[0824/012524.640:INFO:CONSOLE(67)] "Tools extension connected", source: https://localhost:5001/_vs/browserLink (67)
[0824/012524.640:INFO:CONSOLE(67)] "Initializing tools services...", source: https://localhost:5001/_vs/browserLink (67)
[0824/012524.640:INFO:CONSOLE(67)] "Initializing tools design surface service", source: https://localhost:5001/_vs/browserLink (67)
[0824/012524.641:INFO:CONSOLE(67)] "Initializing tools selection service", source: https://localhost:5001/_vs/browserLink (67)
[0824/012524.641:INFO:CONSOLE(67)] "Initializing tools tag navigation service", source: https://localhost:5001/_vs/browserLink (67)
[0824/012524.641:INFO:CONSOLE(67)] "Initializing tools hotkey manager service", source: https://localhost:5001/_vs/browserLink (67)
[0824/012524.642:INFO:CONSOLE(67)] "Host extension connected", source: https://localhost:5001/_vs/browserLink (67)
[0824/012524.642:INFO:CONSOLE(67)] "Initializing host services...", source: https://localhost:5001/_vs/browserLink (67)
[0824/012524.683:INFO:CONSOLE(38)] "Synchronous XMLHttpRequest on the main thread is deprecated because of its detrimental effects to the end user's experience. For more help, check https://xhr.spec.whatwg.org/.", source: https://localhost:5001/_vs/browserLink (38)
[0824/012524.791:INFO:CONSOLE(67)] "CSS Hot Reload ignoring https://localhost:5001/lib/bootstrap/dist/css/bootstrap.min.css because it was inaccessible or had more than 5000 rules.", source: https://localhost:5001/_vs/browserLink (67)
[0824/012524.795:INFO:CONSOLE(67)] "Tools extension connected", source: https://localhost:5001/_vs/browserLink (67)
[0824/012524.795:INFO:CONSOLE(67)] "Initializing tools services...", source: https://localhost:5001/_vs/browserLink (67)
[0824/012524.795:INFO:CONSOLE(67)] "Initializing tools design surface service", source: https://localhost:5001/_vs/browserLink (67)
[0824/012524.795:INFO:CONSOLE(67)] "Initializing tools selection service", source: https://localhost:5001/_vs/browserLink (67)
[0824/012524.796:INFO:CONSOLE(67)] "Initializing tools tag navigation service", source: https://localhost:5001/_vs/browserLink (67)
[0824/012524.796:INFO:CONSOLE(67)] "Initializing tools hotkey manager service", source: https://localhost:5001/_vs/browserLink (67)
[0824/012524.796:INFO:CONSOLE(67)] "Host extension connected", source: https://localhost:5001/_vs/browserLink (67)
[0824/012524.796:INFO:CONSOLE(67)] "Initializing host services...", source: https://localhost:5001/_vs/browserLink (67)
[0824/012525.264:INFO:CONSOLE(61)] "dotnet-watch reload socket closed.", source: https://localhost:5001/_framework/aspnetcore-browser-refresh.js (61)
[0824/012525.602:INFO:CONSOLE(38)] "Synchronous XMLHttpRequest on the main thread is deprecated because of its detrimental effects to the end user's experience. For more help, check https://xhr.spec.whatwg.org/.", source: https://localhost:5001/_vs/browserLink (38)
[0824/012525.741:INFO:CONSOLE(67)] "CSS Hot Reload ignoring https://localhost:5001/lib/bootstrap/dist/css/bootstrap.min.css because it was inaccessible or had more than 5000 rules.", source: https://localhost:5001/_vs/browserLink (67)
[0824/012525.744:INFO:CONSOLE(67)] "Tools extension connected", source: https://localhost:5001/_vs/browserLink (67)
[0824/012525.744:INFO:CONSOLE(67)] "Initializing tools services...", source: https://localhost:5001/_vs/browserLink (67)
[0824/012525.744:INFO:CONSOLE(67)] "Initializing tools design surface service", source: https://localhost:5001/_vs/browserLink (67)
[0824/012525.745:INFO:CONSOLE(67)] "Initializing tools selection service", source: https://localhost:5001/_vs/browserLink (67)
[0824/012525.745:INFO:CONSOLE(67)] "Initializing tools tag navigation service", source: https://localhost:5001/_vs/browserLink (67)
[0824/012525.745:INFO:CONSOLE(67)] "Initializing tools hotkey manager service", source: https://localhost:5001/_vs/browserLink (67)
[0824/012525.745:INFO:CONSOLE(67)] "Host extension connected", source: https://localhost:5001/_vs/browserLink (67)
[0824/012525.745:INFO:CONSOLE(67)] "Initializing host services...", source: https://localhost:5001/_vs/browserLink (67)
[0824/012527.931:INFO:CONSOLE(38)] "Synchronous XMLHttpRequest on the main thread is deprecated because of its detrimental effects to the end user's experience. For more help, check https://xhr.spec.whatwg.org/.", source: https://localhost:5001/_vs/browserLink (38)
[0824/012528.019:INFO:CONSOLE(67)] "CSS Hot Reload ignoring https://localhost:5001/lib/bootstrap/dist/css/bootstrap.min.css because it was inaccessible or had more than 5000 rules.", source: https://localhost:5001/_vs/browserLink (67)
[0824/012528.021:INFO:CONSOLE(67)] "Tools extension connected", source: https://localhost:5001/_vs/browserLink (67)
[0824/012528.021:INFO:CONSOLE(67)] "Initializing tools services...", source: https://localhost:5001/_vs/browserLink (67)
[0824/012528.021:INFO:CONSOLE(67)] "Initializing tools design surface service", source: https://localhost:5001/_vs/browserLink (67)
[0824/012528.021:INFO:CONSOLE(67)] "Initializing tools selection service", source: https://localhost:5001/_vs/browserLink (67)
[0824/012528.021:INFO:CONSOLE(67)] "Initializing tools tag navigation service", source: https://localhost:5001/_vs/browserLink (67)
[0824/012528.022:INFO:CONSOLE(67)] "Initializing tools hotkey manager service", source: https://localhost:5001/_vs/browserLink (67)
[0824/012528.022:INFO:CONSOLE(67)] "Host extension connected", source: https://localhost:5001/_vs/browserLink (67)
[0824/012528.022:INFO:CONSOLE(67)] "Initializing host services...", source: https://localhost:5001/_vs/browserLink (67)
[0824/012528.451:INFO:CONSOLE(38)] "Synchronous XMLHttpRequest on the main thread is deprecated because of its detrimental effects to the end user's experience. For more help, check https://xhr.spec.whatwg.org/.", source: https://localhost:5001/_vs/browserLink (38)
[0824/012528.542:INFO:CONSOLE(67)] "CSS Hot Reload ignoring https://localhost:5001/lib/bootstrap/dist/css/bootstrap.min.css because it was inaccessible or had more than 5000 rules.", source: https://localhost:5001/_vs/browserLink (67)
[0824/012528.544:INFO:CONSOLE(67)] "Tools extension connected", source: https://localhost:5001/_vs/browserLink (67)
[0824/012528.545:INFO:CONSOLE(67)] "Initializing tools services...", source: https://localhost:5001/_vs/browserLink (67)
[0824/012528.545:INFO:CONSOLE(67)] "Initializing tools design surface service", source: https://localhost:5001/_vs/browserLink (67)
[0824/012528.545:INFO:CONSOLE(67)] "Initializing tools selection service", source: https://localhost:5001/_vs/browserLink (67)
[0824/012528.545:INFO:CONSOLE(67)] "Initializing tools tag navigation service", source: https://localhost:5001/_vs/browserLink (67)
[0824/012528.545:INFO:CONSOLE(67)] "Initializing tools hotkey manager service", source: https://localhost:5001/_vs/browserLink (67)
[0824/012528.545:INFO:CONSOLE(67)] "Host extension connected", source: https://localhost:5001/_vs/browserLink (67)
[0824/012528.545:INFO:CONSOLE(67)] "Initializing host services...", source: https://localhost:5001/_vs/browserLink (67)
[0824/012529.007:INFO:CONSOLE(38)] "Synchronous XMLHttpRequest on the main thread is deprecated because of its detrimental effects to the end user's experience. For more help, check https://xhr.spec.whatwg.org/.", source: https://localhost:5001/_vs/browserLink (38)
[0824/012529.240:INFO:CONSOLE(38)] "Synchronous XMLHttpRequest on the main thread is deprecated because of its detrimental effects to the end user's experience. For more help, check https://xhr.spec.whatwg.org/.", source: https://localhost:5001/_vs/browserLink (38)
[0824/012529.366:INFO:CONSOLE(67)] "CSS Hot Reload ignoring https://localhost:5001/lib/bootstrap/dist/css/bootstrap.min.css because it was inaccessible or had more than 5000 rules.", source: https://localhost:5001/_vs/browserLink (67)
[0824/012529.369:INFO:CONSOLE(67)] "Tools extension connected", source: https://localhost:5001/_vs/browserLink (67)
[0824/012529.369:INFO:CONSOLE(67)] "Initializing tools services...", source: https://localhost:5001/_vs/browserLink (67)
[0824/012529.369:INFO:CONSOLE(67)] "Initializing tools design surface service", source: https://localhost:5001/_vs/browserLink (67)
[0824/012529.369:INFO:CONSOLE(67)] "Initializing tools selection service", source: https://localhost:5001/_vs/browserLink (67)
[0824/012529.369:INFO:CONSOLE(67)] "Initializing tools tag navigation service", source: https://localhost:5001/_vs/browserLink (67)
[0824/012529.369:INFO:CONSOLE(67)] "Initializing tools hotkey manager service", source: https://localhost:5001/_vs/browserLink (67)
[0824/012529.369:INFO:CONSOLE(67)] "Host extension connected", source: https://localhost:5001/_vs/browserLink (67)
[0824/012529.369:INFO:CONSOLE(67)] "Initializing host services...", source: https://localhost:5001/_vs/browserLink (67)
[0824/012530.061:INFO:CONSOLE(38)] "Synchronous XMLHttpRequest on the main thread is deprecated because of its detrimental effects to the end user's experience. For more help, check https://xhr.spec.whatwg.org/.", source: https://localhost:5001/_vs/browserLink (38)
[0824/012530.157:INFO:CONSOLE(67)] "CSS Hot Reload ignoring https://localhost:5001/lib/bootstrap/dist/css/bootstrap.min.css because it was inaccessible or had more than 5000 rules.", source: https://localhost:5001/_vs/browserLink (67)
[0824/012530.160:INFO:CONSOLE(67)] "Tools extension connected", source: https://localhost:5001/_vs/browserLink (67)
[0824/012530.160:INFO:CONSOLE(67)] "Initializing tools services...", source: https://localhost:5001/_vs/browserLink (67)
[0824/012530.160:INFO:CONSOLE(67)] "Initializing tools design surface service", source: https://localhost:5001/_vs/browserLink (67)
[0824/012530.161:INFO:CONSOLE(67)] "Initializing tools selection service", source: https://localhost:5001/_vs/browserLink (67)
[0824/012530.161:INFO:CONSOLE(67)] "Initializing tools tag navigation service", source: https://localhost:5001/_vs/browserLink (67)
[0824/012530.161:INFO:CONSOLE(67)] "Initializing tools hotkey manager service", source: https://localhost:5001/_vs/browserLink (67)
[0824/012530.161:INFO:CONSOLE(67)] "Host extension connected", source: https://localhost:5001/_vs/browserLink (67)
[0824/012530.161:INFO:CONSOLE(67)] "Initializing host services...", source: https://localhost:5001/_vs/browserLink (67)
[0824/012532.413:INFO:CONSOLE(38)] "Synchronous XMLHttpRequest on the main thread is deprecated because of its detrimental effects to the end user's experience. For more help, check https://xhr.spec.whatwg.org/.", source: https://localhost:5001/_vs/browserLink (38)
[0824/012532.551:INFO:CONSOLE(67)] "CSS Hot Reload ignoring https://localhost:5001/lib/bootstrap/dist/css/bootstrap.min.css because it was inaccessible or had more than 5000 rules.", source: https://localhost:5001/_vs/browserLink (67)
[0824/012532.554:INFO:CONSOLE(67)] "Tools extension connected", source: https://localhost:5001/_vs/browserLink (67)
[0824/012532.555:INFO:CONSOLE(67)] "Initializing tools services...", source: https://localhost:5001/_vs/browserLink (67)
[0824/012532.555:INFO:CONSOLE(67)] "Initializing tools design surface service", source: https://localhost:5001/_vs/browserLink (67)
[0824/012532.555:INFO:CONSOLE(67)] "Initializing tools selection service", source: https://localhost:5001/_vs/browserLink (67)
[0824/012532.555:INFO:CONSOLE(67)] "Initializing tools tag navigation service", source: https://localhost:5001/_vs/browserLink (67)
[0824/012532.555:INFO:CONSOLE(67)] "Initializing tools hotkey manager service", source: https://localhost:5001/_vs/browserLink (67)
[0824/012532.555:INFO:CONSOLE(67)] "Host extension connected", source: https://localhost:5001/_vs/browserLink (67)
[0824/012532.555:INFO:CONSOLE(67)] "Initializing host services...", source: https://localhost:5001/_vs/browserLink (67)
[0824/012533.593:INFO:CONSOLE(38)] "Synchronous XMLHttpRequest on the main thread is deprecated because of its detrimental effects to the end user's experience. For more help, check https://xhr.spec.whatwg.org/.", source: https://localhost:5001/_vs/browserLink (38)
[0824/012534.981:INFO:CONSOLE(67)] "CSS Hot Reload ignoring https://localhost:5001/lib/bootstrap/dist/css/bootstrap.min.css because it was inaccessible or had more than 5000 rules.", source: https://localhost:5001/_vs/browserLink (67)
[0824/012534.985:INFO:CONSOLE(67)] "Tools extension connected", source: https://localhost:5001/_vs/browserLink (67)
[0824/012534.985:INFO:CONSOLE(67)] "Initializing tools services...", source: https://localhost:5001/_vs/browserLink (67)
[0824/012534.985:INFO:CONSOLE(67)] "Initializing tools design surface service", source: https://localhost:5001/_vs/browserLink (67)
[0824/012534.985:INFO:CONSOLE(67)] "Initializing tools selection service", source: https://localhost:5001/_vs/browserLink (67)
[0824/012534.985:INFO:CONSOLE(67)] "Initializing tools tag navigation service", source: https://localhost:5001/_vs/browserLink (67)
[0824/012534.985:INFO:CONSOLE(67)] "Initializing tools hotkey manager service", source: https://localhost:5001/_vs/browserLink (67)
[0824/012534.985:INFO:CONSOLE(67)] "Host extension connected", source: https://localhost:5001/_vs/browserLink (67)
[0824/012534.985:INFO:CONSOLE(67)] "Initializing host services...", source: https://localhost:5001/_vs/browserLink (67)
[0824/012535.596:INFO:CONSOLE(37)] "File changes detected. Waiting for application to rebuild.", source: https://localhost:5001/_framework/aspnetcore-browser-refresh.js (37)
[0824/012538.299:INFO:CONSOLE(30)] "Server is ready. Reloading...", source: https://localhost:5001/_framework/aspnetcore-browser-refresh.js (30)
[0824/012538.684:INFO:CONSOLE(38)] "Synchronous XMLHttpRequest on the main thread is deprecated because of its detrimental effects to the end user's experience. For more help, check https://xhr.spec.whatwg.org/.", source: https://localhost:5001/_vs/browserLink (38)
[0824/012539.707:INFO:CONSOLE(67)] "CSS Hot Reload ignoring https://localhost:5001/lib/bootstrap/dist/css/bootstrap.min.css because it was inaccessible or had more than 5000 rules.", source: https://localhost:5001/_vs/browserLink (67)
[0824/012539.709:INFO:CONSOLE(67)] "Tools extension connected", source: https://localhost:5001/_vs/browserLink (67)
[0824/012539.710:INFO:CONSOLE(67)] "Initializing tools services...", source: https://localhost:5001/_vs/browserLink (67)
[0824/012539.710:INFO:CONSOLE(67)] "Initializing tools design surface service", source: https://localhost:5001/_vs/browserLink (67)
[0824/012539.710:INFO:CONSOLE(67)] "Initializing tools selection service", source: https://localhost:5001/_vs/browserLink (67)
[0824/012539.710:INFO:CONSOLE(67)] "Initializing tools tag navigation service", source: https://localhost:5001/_vs/browserLink (67)
[0824/012539.710:INFO:CONSOLE(67)] "Initializing tools hotkey manager service", source: https://localhost:5001/_vs/browserLink (67)
[0824/012539.710:INFO:CONSOLE(67)] "Host extension connected", source: https://localhost:5001/_vs/browserLink (67)
[0824/012539.710:INFO:CONSOLE(67)] "Initializing host services...", source: https://localhost:5001/_vs/browserLink (67)
[0824/012541.335:INFO:CONSOLE(55)] "Unknown payload: { "type" : "Ping" }", source: https://localhost:5001/_framework/aspnetcore-browser-refresh.js (55)
[0824/012541.335:INFO:CONSOLE(30)] "Server is ready. Reloading...", source: https://localhost:5001/_framework/aspnetcore-browser-refresh.js (30)
[0824/012541.349:INFO:CONSOLE(38)] "Synchronous XMLHttpRequest on the main thread is deprecated because of its detrimental effects to the end user's experience. For more help, check https://xhr.spec.whatwg.org/.", source: https://localhost:5001/_vs/browserLink (38)
[0824/012542.469:INFO:CONSOLE(67)] "CSS Hot Reload ignoring https://localhost:5001/lib/bootstrap/dist/css/bootstrap.min.css because it was inaccessible or had more than 5000 rules.", source: https://localhost:5001/_vs/browserLink (67)
[0824/012542.471:INFO:CONSOLE(67)] "Tools extension connected", source: https://localhost:5001/_vs/browserLink (67)
[0824/012542.471:INFO:CONSOLE(67)] "Initializing tools services...", source: https://localhost:5001/_vs/browserLink (67)
[0824/012542.471:INFO:CONSOLE(67)] "Initializing tools design surface service", source: https://localhost:5001/_vs/browserLink (67)
[0824/012542.471:INFO:CONSOLE(67)] "Initializing tools selection service", source: https://localhost:5001/_vs/browserLink (67)
[0824/012542.471:INFO:CONSOLE(67)] "Initializing tools tag navigation service", source: https://localhost:5001/_vs/browserLink (67)
[0824/012542.472:INFO:CONSOLE(67)] "Initializing tools hotkey manager service", source: https://localhost:5001/_vs/browserLink (67)
[0824/012542.472:INFO:CONSOLE(67)] "Host extension connected", source: https://localhost:5001/_vs/browserLink (67)
[0824/012542.472:INFO:CONSOLE(67)] "Initializing host services...", source: https://localhost:5001/_vs/browserLink (67)
[0824/012542.505:INFO:CONSOLE(38)] "Synchronous XMLHttpRequest on the main thread is deprecated because of its detrimental effects to the end user's experience. For more help, check https://xhr.spec.whatwg.org/.", source: https://localhost:5001/_vs/browserLink (38)
[0824/012543.604:INFO:CONSOLE(67)] "CSS Hot Reload ignoring https://localhost:5001/lib/bootstrap/dist/css/bootstrap.min.css because it was inaccessible or had more than 5000 rules.", source: https://localhost:5001/_vs/browserLink (67)
[0824/012543.608:INFO:CONSOLE(67)] "Tools extension connected", source: https://localhost:5001/_vs/browserLink (67)
[0824/012543.608:INFO:CONSOLE(67)] "Initializing tools services...", source: https://localhost:5001/_vs/browserLink (67)
[0824/012543.608:INFO:CONSOLE(67)] "Initializing tools design surface service", source: https://localhost:5001/_vs/browserLink (67)
[0824/012543.608:INFO:CONSOLE(67)] "Initializing tools selection service", source: https://localhost:5001/_vs/browserLink (67)
[0824/012543.609:INFO:CONSOLE(67)] "Initializing tools tag navigation service", source: https://localhost:5001/_vs/browserLink (67)
[0824/012543.609:INFO:CONSOLE(67)] "Initializing tools hotkey manager service", source: https://localhost:5001/_vs/browserLink (67)
[0824/012543.609:INFO:CONSOLE(67)] "Host extension connected", source: https://localhost:5001/_vs/browserLink (67)
[0824/012543.609:INFO:CONSOLE(67)] "Initializing host services...", source: https://localhost:5001/_vs/browserLink (67)
[0824/012543.854:INFO:CONSOLE(38)] "Synchronous XMLHttpRequest on the main thread is deprecated because of its detrimental effects to the end user's experience. For more help, check https://xhr.spec.whatwg.org/.", source: https://localhost:5001/_vs/browserLink (38)
[0824/012543.972:INFO:CONSOLE(67)] "CSS Hot Reload ignoring https://localhost:5001/lib/bootstrap/dist/css/bootstrap.min.css because it was inaccessible or had more than 5000 rules.", source: https://localhost:5001/_vs/browserLink (67)
[0824/012543.976:INFO:CONSOLE(67)] "Tools extension connected", source: https://localhost:5001/_vs/browserLink (67)
[0824/012543.976:INFO:CONSOLE(67)] "Initializing tools services...", source: https://localhost:5001/_vs/browserLink (67)
[0824/012543.976:INFO:CONSOLE(67)] "Initializing tools design surface service", source: https://localhost:5001/_vs/browserLink (67)
[0824/012543.977:INFO:CONSOLE(67)] "Initializing tools selection service", source: https://localhost:5001/_vs/browserLink (67)
[0824/012543.977:INFO:CONSOLE(67)] "Initializing tools tag navigation service", source: https://localhost:5001/_vs/browserLink (67)
[0824/012543.977:INFO:CONSOLE(67)] "Initializing tools hotkey manager service", source: https://localhost:5001/_vs/browserLink (67)
[0824/012543.977:INFO:CONSOLE(67)] "Host extension connected", source: https://localhost:5001/_vs/browserLink (67)
[0824/012543.977:INFO:CONSOLE(67)] "Initializing host services...", source: https://localhost:5001/_vs/browserLink (67)
[0824/012544.767:INFO:CONSOLE(38)] "Synchronous XMLHttpRequest on the main thread is deprecated because of its detrimental effects to the end user's experience. For more help, check https://xhr.spec.whatwg.org/.", source: https://localhost:5001/_vs/browserLink (38)
[0824/012544.889:INFO:CONSOLE(67)] "CSS Hot Reload ignoring https://localhost:5001/lib/bootstrap/dist/css/bootstrap.min.css because it was inaccessible or had more than 5000 rules.", source: https://localhost:5001/_vs/browserLink (67)
[0824/012544.894:INFO:CONSOLE(67)] "Tools extension connected", source: https://localhost:5001/_vs/browserLink (67)
[0824/012544.894:INFO:CONSOLE(67)] "Initializing tools services...", source: https://localhost:5001/_vs/browserLink (67)
[0824/012544.894:INFO:CONSOLE(67)] "Initializing tools design surface service", source: https://localhost:5001/_vs/browserLink (67)
[0824/012544.894:INFO:CONSOLE(67)] "Initializing tools selection service", source: https://localhost:5001/_vs/browserLink (67)
[0824/012544.894:INFO:CONSOLE(67)] "Initializing tools tag navigation service", source: https://localhost:5001/_vs/browserLink (67)
[0824/012544.894:INFO:CONSOLE(67)] "Initializing tools hotkey manager service", source: https://localhost:5001/_vs/browserLink (67)
[0824/012544.894:INFO:CONSOLE(67)] "Host extension connected", source: https://localhost:5001/_vs/browserLink (67)
[0824/012544.894:INFO:CONSOLE(67)] "Initializing host services...", source: https://localhost:5001/_vs/browserLink (67)
[0824/012545.347:INFO:CONSOLE(61)] "dotnet-watch reload socket closed.", source: https://localhost:5001/_framework/aspnetcore-browser-refresh.js (61)
[0824/012547.562:INFO:CONSOLE(38)] "Synchronous XMLHttpRequest on the main thread is deprecated because of its detrimental effects to the end user's experience. For more help, check https://xhr.spec.whatwg.org/.", source: https://localhost:5001/_vs/browserLink (38)
[0824/012547.658:INFO:CONSOLE(67)] "CSS Hot Reload ignoring https://localhost:5001/lib/bootstrap/dist/css/bootstrap.min.css because it was inaccessible or had more than 5000 rules.", source: https://localhost:5001/_vs/browserLink (67)
[0824/012547.661:INFO:CONSOLE(67)] "Tools extension connected", source: https://localhost:5001/_vs/browserLink (67)
[0824/012547.661:INFO:CONSOLE(67)] "Initializing tools services...", source: https://localhost:5001/_vs/browserLink (67)
[0824/012547.661:INFO:CONSOLE(67)] "Initializing tools design surface service", source: https://localhost:5001/_vs/browserLink (67)
[0824/012547.661:INFO:CONSOLE(67)] "Initializing tools selection service", source: https://localhost:5001/_vs/browserLink (67)
[0824/012547.661:INFO:CONSOLE(67)] "Initializing tools tag navigation service", source: https://localhost:5001/_vs/browserLink (67)
[0824/012547.661:INFO:CONSOLE(67)] "Initializing tools hotkey manager service", source: https://localhost:5001/_vs/browserLink (67)
[0824/012547.661:INFO:CONSOLE(67)] "Host extension connected", source: https://localhost:5001/_vs/browserLink (67)
[0824/012547.661:INFO:CONSOLE(67)] "Initializing host services...", source: https://localhost:5001/_vs/browserLink (67)
[0824/012547.994:INFO:CONSOLE(38)] "Synchronous XMLHttpRequest on the main thread is deprecated because of its detrimental effects to the end user's experience. For more help, check https://xhr.spec.whatwg.org/.", source: https://localhost:5001/_vs/browserLink (38)
[0824/012548.113:INFO:CONSOLE(38)] "Synchronous XMLHttpRequest on the main thread is deprecated because of its detrimental effects to the end user's experience. For more help, check https://xhr.spec.whatwg.org/.", source: https://localhost:5001/_vs/browserLink (38)
